{
  "stats": {
    "suites": 5,
    "tests": 5,
    "passes": 5,
    "pending": 0,
    "failures": 0,
    "start": "2024-07-09T13:18:19.720Z",
    "end": "2024-07-09T13:18:19.849Z",
    "duration": 129,
    "testsRegistered": 5,
    "passPercent": 100,
    "pendingPercent": 0,
    "other": 0,
    "hasOther": false,
    "skipped": 0,
    "hasSkipped": false
  },
  "results": [
    {
      "uuid": "99d21046-08cd-4df7-9fcc-cb0150c8e337",
      "title": "",
      "fullFile": "",
      "file": "",
      "beforeHooks": [],
      "afterHooks": [],
      "tests": [],
      "suites": [
        {
          "uuid": "bb5677c0-bc8d-42dd-86e9-484c8f0611c0",
          "title": "Test suite 1",
          "fullFile": "C:\\Users\\sanjai.j\\Desktop\\reactproject\\test\\reactApi.app.spec.js",
          "file": "\\test\\reactApi.app.spec.js",
          "beforeHooks": [],
          "afterHooks": [],
          "tests": [
            {
              "title": "Get Users",
              "fullTitle": "Test suite 1 Get Users",
              "timedOut": false,
              "duration": 49,
              "state": "passed",
              "speed": "medium",
              "pass": true,
              "fail": false,
              "pending": false,
              "context": null,
              "code": "return axios.get(get(\"users\")).then(res=>{\n    expect(res.data[0].email).to.be.equal('user1')\n    expect(res.data[0].id).to.be.equal(\"1\")\n    })",
              "err": {},
              "uuid": "2c5a67a0-de3c-44c3-9a82-2ab0e2cdb651",
              "parentUUID": "bb5677c0-bc8d-42dd-86e9-484c8f0611c0",
              "isHook": false,
              "skipped": false
            }
          ],
          "suites": [],
          "passes": [
            "2c5a67a0-de3c-44c3-9a82-2ab0e2cdb651"
          ],
          "failures": [],
          "pending": [],
          "skipped": [],
          "duration": 49,
          "root": false,
          "rootEmpty": false,
          "_timeout": 2000
        },
        {
          "uuid": "cea64f7a-c0fe-4e49-846c-46983db786bb",
          "title": "Test suite 2",
          "fullFile": "C:\\Users\\sanjai.j\\Desktop\\reactproject\\test\\reactApi.app.spec.js",
          "file": "\\test\\reactApi.app.spec.js",
          "beforeHooks": [],
          "afterHooks": [],
          "tests": [
            {
              "title": "Get User By Id",
              "fullTitle": "Test suite 2 Get User By Id",
              "timedOut": false,
              "duration": 5,
              "state": "passed",
              "speed": "fast",
              "pass": true,
              "fail": false,
              "pending": false,
              "context": null,
              "code": "return axios.get(getById(\"users\",\"1\")).then(res=>{\n      // console.log(res.data)\n      expect(res.data.email).to.be.equal('user1')\n      expect(res.data.id).to.be.equal(\"1\")\n    })",
              "err": {},
              "uuid": "eaef26de-b718-47c7-96dc-6e4018e5701e",
              "parentUUID": "cea64f7a-c0fe-4e49-846c-46983db786bb",
              "isHook": false,
              "skipped": false
            }
          ],
          "suites": [],
          "passes": [
            "eaef26de-b718-47c7-96dc-6e4018e5701e"
          ],
          "failures": [],
          "pending": [],
          "skipped": [],
          "duration": 5,
          "root": false,
          "rootEmpty": false,
          "_timeout": 2000
        },
        {
          "uuid": "0dc7927d-9f32-4a56-b966-3b30e09c1dc4",
          "title": "Test suite 3",
          "fullFile": "C:\\Users\\sanjai.j\\Desktop\\reactproject\\test\\reactApi.app.spec.js",
          "file": "\\test\\reactApi.app.spec.js",
          "beforeHooks": [],
          "afterHooks": [],
          "tests": [
            {
              "title": "Post User",
              "fullTitle": "Test suite 3 Post User",
              "timedOut": false,
              "duration": 14,
              "state": "passed",
              "speed": "fast",
              "pass": true,
              "fail": false,
              "pending": false,
              "context": null,
              "code": "return axios.post(post(\"users\"),{\n    \"password\": \"User@2k1\",\n    \"bookedrooms\": [],\n    \"contact\": \"trainee\",\n    \"name\": \"user6\",\n    \"username\": \"user6\"\n  }).then(res=>{\n    expect(res.data.name).to.be.equal('user6')\n    \n    })",
              "err": {},
              "uuid": "c77f71c0-aea7-4e38-a6b0-7d029e78166d",
              "parentUUID": "0dc7927d-9f32-4a56-b966-3b30e09c1dc4",
              "isHook": false,
              "skipped": false
            }
          ],
          "suites": [],
          "passes": [
            "c77f71c0-aea7-4e38-a6b0-7d029e78166d"
          ],
          "failures": [],
          "pending": [],
          "skipped": [],
          "duration": 14,
          "root": false,
          "rootEmpty": false,
          "_timeout": 2000
        },
        {
          "uuid": "ed52cd3b-5a31-40d1-80b7-1814d4df3368",
          "title": "Test suite 4",
          "fullFile": "C:\\Users\\sanjai.j\\Desktop\\reactproject\\test\\reactApi.app.spec.js",
          "file": "\\test\\reactApi.app.spec.js",
          "beforeHooks": [],
          "afterHooks": [],
          "tests": [
            {
              "title": "Delete User By Id",
              "fullTitle": "Test suite 4 Delete User By Id",
              "timedOut": false,
              "duration": 18,
              "state": "passed",
              "speed": "fast",
              "pass": true,
              "fail": false,
              "pending": false,
              "context": null,
              "code": "return axios.delete(deleteById(\"users\",\"d804\")).then(res=>{\n      console.log(res.data)\n      expect(res.data.name).to.be.equal('user6')\n      expect(res.data.id).to.be.equal(\"d804\")\n    })",
              "err": {},
              "uuid": "cb08797d-7bb0-4a32-a85f-5d7cf3b98ace",
              "parentUUID": "ed52cd3b-5a31-40d1-80b7-1814d4df3368",
              "isHook": false,
              "skipped": false
            }
          ],
          "suites": [],
          "passes": [
            "cb08797d-7bb0-4a32-a85f-5d7cf3b98ace"
          ],
          "failures": [],
          "pending": [],
          "skipped": [],
          "duration": 18,
          "root": false,
          "rootEmpty": false,
          "_timeout": 2000
        },
        {
          "uuid": "ee0aa26a-d35a-41e3-aed0-80842e5d3521",
          "title": "Test suite 5",
          "fullFile": "C:\\Users\\sanjai.j\\Desktop\\reactproject\\test\\reactApi.app.spec.js",
          "file": "\\test\\reactApi.app.spec.js",
          "beforeHooks": [],
          "afterHooks": [],
          "tests": [
            {
              "title": "Update User By Id",
              "fullTitle": "Test suite 5 Update User By Id",
              "timedOut": false,
              "duration": 16,
              "state": "passed",
              "speed": "fast",
              "pass": true,
              "fail": false,
              "pending": false,
              "context": null,
              "code": "const id=\"7e5b\";\n  return axios.put(update(\"users\",id),{\n      \"password\": \"User@2k1\",\n      \"bookedrooms\": [],\n      \"contact\": \"trainee\",\n      \"name\": \"user6\",\n      \"username\": \"user6\"\n    }).then(res=>{\n      expect(res.data.name).to.be.equal('user6')\n      expect(res.data.id).to.be.equal(\"7e5b\")\n    })",
              "err": {},
              "uuid": "1c00527c-c937-4bef-a466-913b8a7bbf5e",
              "parentUUID": "ee0aa26a-d35a-41e3-aed0-80842e5d3521",
              "isHook": false,
              "skipped": false
            }
          ],
          "suites": [],
          "passes": [
            "1c00527c-c937-4bef-a466-913b8a7bbf5e"
          ],
          "failures": [],
          "pending": [],
          "skipped": [],
          "duration": 16,
          "root": false,
          "rootEmpty": false,
          "_timeout": 2000
        }
      ],
      "passes": [],
      "failures": [],
      "pending": [],
      "skipped": [],
      "duration": 0,
      "root": true,
      "rootEmpty": true,
      "_timeout": 2000
    }
  ],
  "meta": {
    "mocha": {
      "version": "10.6.0"
    },
    "mochawesome": {
      "options": {
        "quiet": false,
        "reportFilename": "mochawesome",
        "saveHtml": true,
        "saveJson": true,
        "consoleReporter": "spec",
        "useInlineDiffs": false,
        "code": true
      },
      "version": "7.1.3"
    },
    "marge": {
      "options": {
        "reportDir": "Report",
        "reopenfilename": "Test_Report"
      },
      "version": "6.2.0"
    }
  }
}