<?xml version="1.0" encoding="UTF-8"?><testrun name="AmazonCreateAnAccountPageTest" project="JUnitProjectTest" tests="3" started="3" failures="2" errors="0" ignored="0">
  <testsuite name="io.cal.AmazonCreateAnAccountPageTest" time="36.4" displayname="AmazonCreateAnAccountPageTest" uniqueid="[engine:junit-jupiter]/[class:io.cal.AmazonCreateAnAccountPageTest]">
    <testcase name="MobNoAndEmailTest" classname="io.cal.AmazonCreateAnAccountPageTest" time="27.007" displayname="MobNoAndEmailTest()" uniqueid="[engine:junit-jupiter]/[class:io.cal.AmazonCreateAnAccountPageTest]/[method:MobNoAndEmailTest()]">
      <failure>
        <expected>Mobile9176071379E-mail abcd@gmail.com</expected>
        <actual>Mobile9176071379E-mail </actual>
        org.opentest4j.AssertionFailedError: Mobile and email are not entered correctly ==&gt; expected: &lt;Mobile9176071379E-mail abcd@gmail.com&gt; but was: &lt;Mobile9176071379E-mail &gt;&#13;
	at org.junit.jupiter.api.AssertionFailureBuilder.build(AssertionFailureBuilder.java:151)&#13;
	at org.junit.jupiter.api.AssertionFailureBuilder.buildAndThrow(AssertionFailureBuilder.java:132)&#13;
	at org.junit.jupiter.api.AssertEquals.failNotEqual(AssertEquals.java:197)&#13;
	at org.junit.jupiter.api.AssertEquals.assertEquals(AssertEquals.java:182)&#13;
	at org.junit.jupiter.api.Assertions.assertEquals(Assertions.java:1156)&#13;
	at io.cal.AmazonCreateAnAccountPageTest.MobNoAndEmailTest(AmazonCreateAnAccountPageTest.java:49)&#13;
	at java.base/java.lang.reflect.Method.invoke(Method.java:580)&#13;
	at java.base/java.util.ArrayList.forEach(ArrayList.java:1596)&#13;
	at java.base/java.util.ArrayList.forEach(ArrayList.java:1596)&#13;
&#13;

      </failure>
    </testcase>
    <testcase name="YourNameTest" classname="io.cal.AmazonCreateAnAccountPageTest" time="0.005" displayname="YourNameTest()" uniqueid="[engine:junit-jupiter]/[class:io.cal.AmazonCreateAnAccountPageTest]/[method:YourNameTest()]"/>
    <testcase name="checkpasswordTest" classname="io.cal.AmazonCreateAnAccountPageTest" time="9.386" displayname="checkpasswordTest()" uniqueid="[engine:junit-jupiter]/[class:io.cal.AmazonCreateAnAccountPageTest]/[method:checkpasswordTest()]">
      <failure>
        <expected>true</expected>
        <actual>false</actual>
        org.opentest4j.AssertionFailedError: length must be greater than 6 ==&gt; expected: &lt;true&gt; but was: &lt;false&gt;&#13;
	at org.junit.jupiter.api.AssertionFailureBuilder.build(AssertionFailureBuilder.java:151)&#13;
	at org.junit.jupiter.api.AssertionFailureBuilder.buildAndThrow(AssertionFailureBuilder.java:132)&#13;
	at org.junit.jupiter.api.AssertEquals.failNotEqual(AssertEquals.java:197)&#13;
	at org.junit.jupiter.api.AssertEquals.assertEquals(AssertEquals.java:182)&#13;
	at org.junit.jupiter.api.Assertions.assertEquals(Assertions.java:1156)&#13;
	at io.cal.AmazonCreateAnAccountPageTest.checkpasswordTest(AmazonCreateAnAccountPageTest.java:32)&#13;
	at java.base/java.lang.reflect.Method.invoke(Method.java:580)&#13;
	at java.base/java.util.ArrayList.forEach(ArrayList.java:1596)&#13;
	at java.base/java.util.ArrayList.forEach(ArrayList.java:1596)&#13;
&#13;

      </failure>
    </testcase>
  </testsuite>
</testrun>
